Arguments: 
  C:\Program Files\nodejs\node.exe C:\Program Files (x86)\Yarn\bin\yarn.js test heap.test.js

PATH: 
  C:\Program Files\Git\mingw64\bin;C:\Program Files\Git\usr\bin;C:\Users\2940c\bin;C:\Users\2940c\bin;C:\Program Files\Git\mingw64\bin;C:\Program Files\Git\usr\local\bin;C:\Program Files\Git\usr\bin;C:\Program Files\Git\usr\bin;C:\Program Files\Git\mingw64\bin;C:\Program Files\Git\usr\bin;C:\Users\2940c\bin;C:\WINDOWS\system32;C:\WINDOWS;C:\WINDOWS\System32\Wbem;C:\WINDOWS\System32\WindowsPowerShell\v1.0;C:\Program Files (x86)\Yarn\bin;C:\Users\2940c\AppData\Roaming\npm;C:\Users\2940c\AppData\Roaming\npm\node_modules;C:\Program Files\Git\cmd;C:\Program Files\MySQL\MySQL Server 8.0\bin;C:\Program Files\Microsoft VS Code\bin;C:\WINDOWS\System32\OpenSSH;C:\Program Files\nodejs;C:\Users\2940c\AppData\Local\Programs\Python\Python36-32\Scripts;C:\Users\2940c\AppData\Local\Programs\Python\Python36-32;C:\Program Files\MongoDB\Server\3.6\bin;C:\Program Files\Microsoft VS Code\bin;C:\Users\2940c\AppData\Roaming\npm\node_modules;C:\Program Files\Heroku\bin;C:\Program Files\MySQL\MySQL Server 8.0\bin;C:\Users\2940c\AppData\Local\Microsoft\WindowsApps;C:\Users\2940c\AppData\Roaming\npm;C:\Program Files\Git\usr\bin\vendor_perl;C:\Program Files\Git\usr\bin\core_perl

Yarn version: 
  1.5.1

Node version: 
  10.7.0

Platform: 
  win32 x64

npm manifest: 
  {
    "name": "Sprint-Challenge--Data-Structures-Algorithms",
    "version": "1.0.0",
    "description": "LambdaSchool's Data Structures and Algorithms sprint challenge repository",
    "main": "index.js",
    "scripts": {
      "test": "jest --verbose",
      "test:watch": "npm test -- --watch"
    },
    "repository": {
      "type": "git",
      "url": "git+https://github.com/LambdaSchool/Sprint-Challenge-Solution--Data-Structures-Algorithms.git"
    },
    "author": "Sean Chen",
    "license": "ISC",
    "bugs": {
      "url": "https://github.com/LambdaSchool/Sprint-Challenge-Solution--Data-Structures-Algorithms/issues"
    },
    "homepage": "https://github.com/LambdaSchool/Sprint-Challenge-Solution--Data-Structures-Algorithms/#readme",
    "devDependencies": {
      "jest": "^22.4.3",
      "regenerator-runtime": "^0.10.3"
    }
  }

yarn manifest: 
  No manifest

Lockfile: 
  No lockfile

Trace: 
  Error: Command failed.
  Exit code: 1
  Command: C:\WINDOWS\system32\cmd.exe
  Arguments: /d /s /c jest --verbose heap.test.js
  Directory: C:\Users\2940c\Desktop\lambda\Sprint-Challenge--Data-Structures-Algorithms
  Output:
  
      at ProcessTermError.MessageError (C:\Program Files (x86)\Yarn\lib\cli.js:186:110)
      at new ProcessTermError (C:\Program Files (x86)\Yarn\lib\cli.js:226:113)
      at ChildProcess.<anonymous> (C:\Program Files (x86)\Yarn\lib\cli.js:30281:17)
      at ChildProcess.emit (events.js:182:13)
      at maybeClose (internal/child_process.js:961:16)
      at Process.ChildProcess._handle.onexit (internal/child_process.js:248:5)
